<?xml version="1.0" encoding="UTF-8"?>
<!-- Generated by org.testng.reporters.JUnitXMLReporter -->
<testsuite hostname="Ril-LenovoNew" ignored="0" name="Test" tests="14" failures="0" timestamp="2022-05-11T11:49:02 BST" time="57.688" errors="0">
  <testcase name="titleEntry" time="0.692" classname="uk.co.policyexpert.insurance.AboutYouPage1_2"/>
  <testcase name="nameEntry" time="0.346" classname="uk.co.policyexpert.insurance.AboutYouPage1_2"/>
  <testcase name="dateEntry" time="0.367" classname="uk.co.policyexpert.insurance.AboutYouPage1_2"/>
  <testcase name="maritalSatus" time="0.424" classname="uk.co.policyexpert.insurance.AboutYouPage1_2"/>
  <testcase name="occuaption" time="3.458" classname="uk.co.policyexpert.insurance.AboutYouPage1_2"/>
  <testcase name="others" time="1.829" classname="uk.co.policyexpert.insurance.AboutYouPage1_2"/>
  <testcase name="AboutYouPage3" time="24.417" classname="uk.co.policyexpert.insurance.AboutYouPage1_2"/>
  <testcase name="underage" time="8.521" classname="uk.co.policyexpert.insurance.AboutYouPage1_2"/>
  <testcase name="aboutPg4" time="1.119" classname="uk.co.policyexpert.insurance.AboutYouPage1_2"/>
  <testcase name="aboutPg5" time="5.379" classname="uk.co.policyexpert.insurance.AboutYouPage1_2"/>
  <testcase name="aboutPg6" time="0.709" classname="uk.co.policyexpert.insurance.AboutYouPage1_2"/>
  <testcase name="aboutPg7" time="1.452" classname="uk.co.policyexpert.insurance.AboutYouPage1_2"/>
  <testcase name="aboutPg8" time="4.209" classname="uk.co.policyexpert.insurance.AboutYouPage1_2"/>
  <testcase name="quit" time="0.002" classname="uk.co.policyexpert.insurance.AboutYouPage1_2"/>
</testsuite> <!-- Test -->
