<?xml version="1.0" encoding="UTF-8"?>
<!-- Generated by org.testng.reporters.JUnitXMLReporter -->
<testsuite hostname="Ril-LenovoNew" ignored="0" name="Test" tests="14" failures="0" timestamp="2022-05-11T12:05:13 BST" time="57.995" errors="0">
  <testcase name="titleEntry" time="0.724" classname="uk.co.policyexpert.insurance.AboutYouPage1_2"/>
  <testcase name="nameEntry" time="0.36" classname="uk.co.policyexpert.insurance.AboutYouPage1_2"/>
  <testcase name="dateEntry" time="0.363" classname="uk.co.policyexpert.insurance.AboutYouPage1_2"/>
  <testcase name="maritalSatus" time="0.409" classname="uk.co.policyexpert.insurance.AboutYouPage1_2"/>
  <testcase name="occuaption" time="3.462" classname="uk.co.policyexpert.insurance.AboutYouPage1_2"/>
  <testcase name="others" time="1.792" classname="uk.co.policyexpert.insurance.AboutYouPage1_2"/>
  <testcase name="AboutYouPage3" time="24.487" classname="uk.co.policyexpert.insurance.AboutYouPage1_2"/>
  <testcase name="underage" time="8.158" classname="uk.co.policyexpert.insurance.AboutYouPage1_2"/>
  <testcase name="aboutPg4" time="0.923" classname="uk.co.policyexpert.insurance.AboutYouPage1_2"/>
  <testcase name="aboutPg5" time="5.328" classname="uk.co.policyexpert.insurance.AboutYouPage1_2"/>
  <testcase name="aboutPg6" time="0.703" classname="uk.co.policyexpert.insurance.AboutYouPage1_2"/>
  <testcase name="aboutPg7" time="1.485" classname="uk.co.policyexpert.insurance.AboutYouPage1_2"/>
  <testcase name="aboutPg8" time="3.929" classname="uk.co.policyexpert.insurance.AboutYouPage1_2"/>
  <testcase name="quit" time="1.266" classname="uk.co.policyexpert.insurance.AboutYouPage1_2"/>
</testsuite> <!-- Test -->
