<?xml version="1.0" encoding="UTF-8"?>
<testsuite xmlns:xsi="http://www.w3.org/2001/XMLSchema-instance" xsi:noNamespaceSchemaLocation="https://maven.apache.org/surefire/maven-surefire-plugin/xsd/surefire-test-report-3.0.xsd" version="3.0" name="TestSuite" time="56.801" tests="14" errors="0" skipped="0" failures="0">
  <properties>
[...]
</properties>
  <testcase name="titleEntry" classname="uk.co.policyexpert.insurance.AboutYouPage1_2" time="0.654">
    <system-out><![CDATA[firefox
]]></system-out>
    <system-err><![CDATA[1652275461569	geckodriver	INFO	Listening on 127.0.0.1:27979
1652275462229	mozrunner::runner	INFO	Running command: "C:\\Program Files\\Mozilla Firefox\\firefox.exe" "--marionette" "-no-remote" "-profile" "C:\\Users\\olush\\AppData\\Local\\Temp\\rust_mozprofile4MNpsH"
1652275462575	Marionette	INFO	Marionette enabled
console.warn: SearchSettings: "get: No settings file exists, new profile?" (new NotFoundError("Could not open the file at C:\\Users\\olush\\AppData\\Local\\Temp\\rust_mozprofile4MNpsH\\search.json.mozlz4", (void 0)))
1652275464011	Marionette	INFO	Listening on port 52200
1652275464283	RemoteAgent	WARN	TLS certificate errors will be ignored for this session
May 11, 2022 2:24:24 PM org.openqa.selenium.remote.ProtocolHandshake createSession
INFO: Detected dialect: W3C
]]></system-err>
  </testcase>
  <testcase name="nameEntry" classname="uk.co.policyexpert.insurance.AboutYouPage1_2" time="0.346"/>
  <testcase name="dateEntry" classname="uk.co.policyexpert.insurance.AboutYouPage1_2" time="0.366"/>
  <testcase name="maritalSatus" classname="uk.co.policyexpert.insurance.AboutYouPage1_2" time="0.426"/>
  <testcase name="occuaption" classname="uk.co.policyexpert.insurance.AboutYouPage1_2" time="3.458"/>
  <testcase name="others" classname="uk.co.policyexpert.insurance.AboutYouPage1_2" time="1.9"/>
  <testcase name="AboutYouPage3" classname="uk.co.policyexpert.insurance.AboutYouPage1_2" time="23.311">
    <system-out><![CDATA[ME4 5QG, Glencoe Road, Chatham - 42 Addresses
]]></system-out>
  </testcase>
  <testcase name="underage" classname="uk.co.policyexpert.insurance.AboutYouPage1_2" time="9.131">
    <system-err><![CDATA[1652275505280	Marionette	WARN	TimedPromise timed out after 500 ms: stacktrace:
TimedPromise/<@chrome://remote/content/marionette/sync.js:235:19
TimedPromise@chrome://remote/content/marionette/sync.js:220:10
interaction.flushEventLoop@chrome://remote/content/marionette/interaction.js:431:10
webdriverClickElement@chrome://remote/content/marionette/interaction.js:179:31
]]></system-err>
  </testcase>
  <testcase name="aboutPg4" classname="uk.co.policyexpert.insurance.AboutYouPage1_2" time="0.964"/>
  <testcase name="aboutPg5" classname="uk.co.policyexpert.insurance.AboutYouPage1_2" time="5.532"/>
  <testcase name="aboutPg6" classname="uk.co.policyexpert.insurance.AboutYouPage1_2" time="0.7"/>
  <testcase name="aboutPg7" classname="uk.co.policyexpert.insurance.AboutYouPage1_2" time="1.487"/>
  <testcase name="aboutPg8" classname="uk.co.policyexpert.insurance.AboutYouPage1_2" time="2.71"/>
  <testcase name="quit" classname="uk.co.policyexpert.insurance.AboutYouPage1_2" time="0.547">
    <system-err><![CDATA[1652275516898	Marionette	INFO	Stopped listening on port 52200

###!!! [Child][PContentChild] Error: RunMessage(msgname=PContent::Reply_DiscardBrowsingContext) Channel closing: too late to send/recv, messages will be lost


###!!! [Parent][PGPUParent] Error: RunMessage(msgname=PGPU::Msg_ShutdownVR) Channel closing: too late to send/recv, messages will be lost

]]></system-err>
  </testcase>
</testsuite>