<?xml version="1.0" encoding="UTF-8"?>
<!-- Generated by org.testng.reporters.JUnitXMLReporter -->
<testsuite hostname="Ril-LenovoNew" name="Test" tests="14" failures="0" timestamp="11 May 2022 13:25:17 GMT" time="56.074" errors="0">
  <testcase name="titleEntry" time="0.737" classname="uk.co.policyexpert.insurance.AboutYouPage1_2"/>
  <testcase name="nameEntry" time="0.347" classname="uk.co.policyexpert.insurance.AboutYouPage1_2"/>
  <testcase name="dateEntry" time="0.366" classname="uk.co.policyexpert.insurance.AboutYouPage1_2"/>
  <testcase name="maritalSatus" time="0.427" classname="uk.co.policyexpert.insurance.AboutYouPage1_2"/>
  <testcase name="occuaption" time="3.457" classname="uk.co.policyexpert.insurance.AboutYouPage1_2"/>
  <testcase name="others" time="1.9" classname="uk.co.policyexpert.insurance.AboutYouPage1_2"/>
  <testcase name="AboutYouPage3" time="23.307" classname="uk.co.policyexpert.insurance.AboutYouPage1_2"/>
  <testcase name="underage" time="9.119" classname="uk.co.policyexpert.insurance.AboutYouPage1_2"/>
  <testcase name="aboutPg4" time="0.978" classname="uk.co.policyexpert.insurance.AboutYouPage1_2"/>
  <testcase name="aboutPg5" time="5.531" classname="uk.co.policyexpert.insurance.AboutYouPage1_2"/>
  <testcase name="aboutPg6" time="0.699" classname="uk.co.policyexpert.insurance.AboutYouPage1_2"/>
  <testcase name="aboutPg7" time="1.487" classname="uk.co.policyexpert.insurance.AboutYouPage1_2"/>
  <testcase name="aboutPg8" time="2.71" classname="uk.co.policyexpert.insurance.AboutYouPage1_2"/>
  <testcase name="quit" time="0.538" classname="uk.co.policyexpert.insurance.AboutYouPage1_2"/>
</testsuite> <!-- Test -->
