<?xml version="1.0" encoding="UTF-8"?>
<testng-results skipped="0" failed="0" ignored="0" total="14" passed="14">
  <reporter-output>
  </reporter-output>
  <suite name="Suite" duration-ms="57688" started-at="2022-05-11T11:48:04 BST" finished-at="2022-05-11T11:49:02 BST">
    <groups>
    </groups>
    <test name="Test" duration-ms="57688" started-at="2022-05-11T11:48:04 BST" finished-at="2022-05-11T11:49:02 BST">
      <class name="uk.co.policyexpert.insurance.AboutYouPage1_2">
        <test-method status="PASS" signature="initialize()[pri:0, instance:uk.co.policyexpert.insurance.AboutYouPage1_2@50d0686]" name="initialize" is-config="true" duration-ms="4701" started-at="2022-05-11T11:48:04 BST" finished-at="2022-05-11T11:48:09 BST">
          <reporter-output>
          </reporter-output>
        </test-method> <!-- initialize -->
        <test-method status="PASS" signature="titleEntry()[pri:0, instance:uk.co.policyexpert.insurance.AboutYouPage1_2@50d0686]" name="titleEntry" duration-ms="692" started-at="2022-05-11T11:48:09 BST" finished-at="2022-05-11T11:48:09 BST">
          <reporter-output>
          </reporter-output>
        </test-method> <!-- titleEntry -->
        <test-method status="PASS" signature="nameEntry()[pri:0, instance:uk.co.policyexpert.insurance.AboutYouPage1_2@50d0686]" name="nameEntry" duration-ms="346" started-at="2022-05-11T11:48:09 BST" finished-at="2022-05-11T11:48:10 BST">
          <reporter-output>
          </reporter-output>
        </test-method> <!-- nameEntry -->
        <test-method status="PASS" signature="dateEntry()[pri:0, instance:uk.co.policyexpert.insurance.AboutYouPage1_2@50d0686]" name="dateEntry" duration-ms="367" started-at="2022-05-11T11:48:10 BST" finished-at="2022-05-11T11:48:10 BST">
          <reporter-output>
          </reporter-output>
        </test-method> <!-- dateEntry -->
        <test-method status="PASS" signature="maritalSatus()[pri:0, instance:uk.co.policyexpert.insurance.AboutYouPage1_2@50d0686]" name="maritalSatus" duration-ms="424" started-at="2022-05-11T11:48:10 BST" finished-at="2022-05-11T11:48:11 BST">
          <reporter-output>
          </reporter-output>
        </test-method> <!-- maritalSatus -->
        <test-method status="PASS" signature="occuaption()[pri:0, instance:uk.co.policyexpert.insurance.AboutYouPage1_2@50d0686]" name="occuaption" duration-ms="3458" started-at="2022-05-11T11:48:11 BST" finished-at="2022-05-11T11:48:14 BST">
          <reporter-output>
          </reporter-output>
        </test-method> <!-- occuaption -->
        <test-method status="PASS" signature="others()[pri:0, instance:uk.co.policyexpert.insurance.AboutYouPage1_2@50d0686]" name="others" duration-ms="1829" started-at="2022-05-11T11:48:14 BST" finished-at="2022-05-11T11:48:16 BST">
          <reporter-output>
          </reporter-output>
        </test-method> <!-- others -->
        <test-method status="PASS" signature="AboutYouPage3()[pri:0, instance:uk.co.policyexpert.insurance.AboutYouPage1_2@50d0686]" name="AboutYouPage3" duration-ms="24417" started-at="2022-05-11T11:48:16 BST" finished-at="2022-05-11T11:48:40 BST">
          <reporter-output>
          </reporter-output>
        </test-method> <!-- AboutYouPage3 -->
        <test-method status="PASS" signature="underage()[pri:0, instance:uk.co.policyexpert.insurance.AboutYouPage1_2@50d0686]" name="underage" duration-ms="8521" started-at="2022-05-11T11:48:40 BST" finished-at="2022-05-11T11:48:49 BST">
          <reporter-output>
          </reporter-output>
        </test-method> <!-- underage -->
        <test-method status="PASS" signature="aboutPg4()[pri:0, instance:uk.co.policyexpert.insurance.AboutYouPage1_2@50d0686]" name="aboutPg4" duration-ms="1119" started-at="2022-05-11T11:48:49 BST" finished-at="2022-05-11T11:48:50 BST">
          <reporter-output>
          </reporter-output>
        </test-method> <!-- aboutPg4 -->
        <test-method status="PASS" signature="aboutPg5()[pri:0, instance:uk.co.policyexpert.insurance.AboutYouPage1_2@50d0686]" name="aboutPg5" duration-ms="5379" started-at="2022-05-11T11:48:50 BST" finished-at="2022-05-11T11:48:55 BST">
          <reporter-output>
          </reporter-output>
        </test-method> <!-- aboutPg5 -->
        <test-method status="PASS" signature="aboutPg6()[pri:0, instance:uk.co.policyexpert.insurance.AboutYouPage1_2@50d0686]" name="aboutPg6" duration-ms="709" started-at="2022-05-11T11:48:55 BST" finished-at="2022-05-11T11:48:56 BST">
          <reporter-output>
          </reporter-output>
        </test-method> <!-- aboutPg6 -->
        <test-method status="PASS" signature="aboutPg7()[pri:0, instance:uk.co.policyexpert.insurance.AboutYouPage1_2@50d0686]" name="aboutPg7" duration-ms="1452" started-at="2022-05-11T11:48:56 BST" finished-at="2022-05-11T11:48:57 BST">
          <reporter-output>
          </reporter-output>
        </test-method> <!-- aboutPg7 -->
        <test-method status="PASS" signature="aboutPg8()[pri:0, instance:uk.co.policyexpert.insurance.AboutYouPage1_2@50d0686]" name="aboutPg8" duration-ms="4209" started-at="2022-05-11T11:48:57 BST" finished-at="2022-05-11T11:49:02 BST">
          <reporter-output>
          </reporter-output>
        </test-method> <!-- aboutPg8 -->
        <test-method status="PASS" signature="quit()[pri:0, instance:uk.co.policyexpert.insurance.AboutYouPage1_2@50d0686]" name="quit" duration-ms="2" started-at="2022-05-11T11:49:02 BST" finished-at="2022-05-11T11:49:02 BST">
          <reporter-output>
          </reporter-output>
        </test-method> <!-- quit -->
      </class> <!-- uk.co.policyexpert.insurance.AboutYouPage1_2 -->
    </test> <!-- Test -->
  </suite> <!-- Suite -->
</testng-results>
