<?xml version="1.0" encoding="UTF-8"?>
<testng-results skipped="0" failed="0" ignored="0" total="14" passed="14">
  <reporter-output>
  </reporter-output>
  <suite name="Suite" duration-ms="57995" started-at="2022-05-11T12:04:15 BST" finished-at="2022-05-11T12:05:13 BST">
    <groups>
    </groups>
    <test name="Test" duration-ms="57995" started-at="2022-05-11T12:04:15 BST" finished-at="2022-05-11T12:05:13 BST">
      <class name="uk.co.policyexpert.insurance.AboutYouPage1_2">
        <test-method status="PASS" signature="initialize()[pri:0, instance:uk.co.policyexpert.insurance.AboutYouPage1_2@50d0686]" name="initialize" is-config="true" duration-ms="4545" started-at="2022-05-11T12:04:15 BST" finished-at="2022-05-11T12:04:19 BST">
          <reporter-output>
          </reporter-output>
        </test-method> <!-- initialize -->
        <test-method status="PASS" signature="titleEntry()[pri:0, instance:uk.co.policyexpert.insurance.AboutYouPage1_2@50d0686]" name="titleEntry" duration-ms="724" started-at="2022-05-11T12:04:19 BST" finished-at="2022-05-11T12:04:20 BST">
          <reporter-output>
          </reporter-output>
        </test-method> <!-- titleEntry -->
        <test-method status="PASS" signature="nameEntry()[pri:0, instance:uk.co.policyexpert.insurance.AboutYouPage1_2@50d0686]" name="nameEntry" duration-ms="360" started-at="2022-05-11T12:04:20 BST" finished-at="2022-05-11T12:04:21 BST">
          <reporter-output>
          </reporter-output>
        </test-method> <!-- nameEntry -->
        <test-method status="PASS" signature="dateEntry()[pri:0, instance:uk.co.policyexpert.insurance.AboutYouPage1_2@50d0686]" name="dateEntry" duration-ms="363" started-at="2022-05-11T12:04:21 BST" finished-at="2022-05-11T12:04:21 BST">
          <reporter-output>
          </reporter-output>
        </test-method> <!-- dateEntry -->
        <test-method status="PASS" signature="maritalSatus()[pri:0, instance:uk.co.policyexpert.insurance.AboutYouPage1_2@50d0686]" name="maritalSatus" duration-ms="409" started-at="2022-05-11T12:04:21 BST" finished-at="2022-05-11T12:04:21 BST">
          <reporter-output>
          </reporter-output>
        </test-method> <!-- maritalSatus -->
        <test-method status="PASS" signature="occuaption()[pri:0, instance:uk.co.policyexpert.insurance.AboutYouPage1_2@50d0686]" name="occuaption" duration-ms="3462" started-at="2022-05-11T12:04:21 BST" finished-at="2022-05-11T12:04:25 BST">
          <reporter-output>
          </reporter-output>
        </test-method> <!-- occuaption -->
        <test-method status="PASS" signature="others()[pri:0, instance:uk.co.policyexpert.insurance.AboutYouPage1_2@50d0686]" name="others" duration-ms="1792" started-at="2022-05-11T12:04:25 BST" finished-at="2022-05-11T12:04:27 BST">
          <reporter-output>
          </reporter-output>
        </test-method> <!-- others -->
        <test-method status="PASS" signature="AboutYouPage3()[pri:0, instance:uk.co.policyexpert.insurance.AboutYouPage1_2@50d0686]" name="AboutYouPage3" duration-ms="24487" started-at="2022-05-11T12:04:27 BST" finished-at="2022-05-11T12:04:51 BST">
          <reporter-output>
          </reporter-output>
        </test-method> <!-- AboutYouPage3 -->
        <test-method status="PASS" signature="underage()[pri:0, instance:uk.co.policyexpert.insurance.AboutYouPage1_2@50d0686]" name="underage" duration-ms="8158" started-at="2022-05-11T12:04:51 BST" finished-at="2022-05-11T12:04:59 BST">
          <reporter-output>
          </reporter-output>
        </test-method> <!-- underage -->
        <test-method status="PASS" signature="aboutPg4()[pri:0, instance:uk.co.policyexpert.insurance.AboutYouPage1_2@50d0686]" name="aboutPg4" duration-ms="923" started-at="2022-05-11T12:04:59 BST" finished-at="2022-05-11T12:05:00 BST">
          <reporter-output>
          </reporter-output>
        </test-method> <!-- aboutPg4 -->
        <test-method status="PASS" signature="aboutPg5()[pri:0, instance:uk.co.policyexpert.insurance.AboutYouPage1_2@50d0686]" name="aboutPg5" duration-ms="5328" started-at="2022-05-11T12:05:00 BST" finished-at="2022-05-11T12:05:05 BST">
          <reporter-output>
          </reporter-output>
        </test-method> <!-- aboutPg5 -->
        <test-method status="PASS" signature="aboutPg6()[pri:0, instance:uk.co.policyexpert.insurance.AboutYouPage1_2@50d0686]" name="aboutPg6" duration-ms="703" started-at="2022-05-11T12:05:05 BST" finished-at="2022-05-11T12:05:06 BST">
          <reporter-output>
          </reporter-output>
        </test-method> <!-- aboutPg6 -->
        <test-method status="PASS" signature="aboutPg7()[pri:0, instance:uk.co.policyexpert.insurance.AboutYouPage1_2@50d0686]" name="aboutPg7" duration-ms="1485" started-at="2022-05-11T12:05:06 BST" finished-at="2022-05-11T12:05:08 BST">
          <reporter-output>
          </reporter-output>
        </test-method> <!-- aboutPg7 -->
        <test-method status="PASS" signature="aboutPg8()[pri:0, instance:uk.co.policyexpert.insurance.AboutYouPage1_2@50d0686]" name="aboutPg8" duration-ms="3929" started-at="2022-05-11T12:05:08 BST" finished-at="2022-05-11T12:05:12 BST">
          <reporter-output>
          </reporter-output>
        </test-method> <!-- aboutPg8 -->
        <test-method status="PASS" signature="quit()[pri:0, instance:uk.co.policyexpert.insurance.AboutYouPage1_2@50d0686]" name="quit" duration-ms="1266" started-at="2022-05-11T12:05:12 BST" finished-at="2022-05-11T12:05:13 BST">
          <reporter-output>
          </reporter-output>
        </test-method> <!-- quit -->
      </class> <!-- uk.co.policyexpert.insurance.AboutYouPage1_2 -->
    </test> <!-- Test -->
  </suite> <!-- Suite -->
</testng-results>
